<?xml version="1.0" encoding="UTF-8"?>
<!-- Generated by org.testng.reporters.JUnitReportReporter -->
<testsuite hostname="DESKTOP-6MLC63T" failures="0" tests="1" name="crudwithoutBDDreqres.UpdateProject" time="6.574" errors="0" timestamp="2023-08-04T13:05:42 IST" skipped="0">
  <testcase classname="crudwithoutBDDreqres.UpdateProject" name="updateProject" time="6.574"/>
  <system-out/>
</testsuite> <!-- crudwithoutBDDreqres.UpdateProject -->
