<?xml version="1.0" encoding="UTF-8"?>
<!-- Generated by org.testng.reporters.JUnitReportReporter -->
<testsuite hostname="DESKTOP-6MLC63T" failures="0" tests="1" name="authenticationUsingBasicAuth.LoginUsingBasicAuth" time="5.704" errors="0" timestamp="2023-08-08T15:23:37 IST" skipped="0">
  <testcase classname="authenticationUsingBasicAuth.LoginUsingBasicAuth" name="login" time="5.704"/>
  <system-out/>
</testsuite> <!-- authenticationUsingBasicAuth.LoginUsingBasicAuth -->
