<?xml version="1.0" encoding="UTF-8"?>
<!-- Generated by org.testng.reporters.JUnitReportReporter -->
<testsuite hostname="DESKTOP-6MLC63T" failures="0" tests="1" name="requestChaining.GetAllProjects" time="12.171" errors="0" timestamp="2023-08-08T10:49:46 IST" skipped="0">
  <testcase classname="requestChaining.GetAllProjects" name="createUser" time="12.171"/>
  <system-out/>
</testsuite> <!-- requestChaining.GetAllProjects -->
