<?xml version="1.0" encoding="UTF-8"?>
<!-- Generated by org.testng.reporters.JUnitReportReporter -->
<testsuite hostname="DESKTOP-6MLC63T" failures="0" tests="1" name="crudwithBDD_RMGYantra.CreateProjectWithJSONFile" time="6.209" errors="0" timestamp="2023-08-04T17:20:02 IST" skipped="0">
  <testcase classname="crudwithBDD_RMGYantra.CreateProjectWithJSONFile" name="createProjectWithJSONFile" time="6.209"/>
  <system-out/>
</testsuite> <!-- crudwithBDD_RMGYantra.CreateProjectWithJSONFile -->
