<?xml version="1.0" encoding="UTF-8"?>
<!-- Generated by org.testng.reporters.JUnitReportReporter -->
<testsuite hostname="DESKTOP-6MLC63T" failures="0" tests="1" name="crudwithoutBDDreqres.CreateProject" time="6.366" errors="0" timestamp="2023-08-04T12:53:14 IST" skipped="0">
  <testcase classname="crudwithoutBDDreqres.CreateProject" name="createProject" time="6.366"/>
  <system-out/>
</testsuite> <!-- crudwithoutBDDreqres.CreateProject -->
