<?xml version="1.0" encoding="UTF-8"?>
<!-- Generated by org.testng.reporters.JUnitReportReporter -->
<testsuite hostname="DESKTOP-6MLC63T" failures="0" tests="1" name="differentWaysToPostARequest.CreateProjectUsingPojo" time="7.865" errors="0" timestamp="2023-08-07T11:07:39 IST" skipped="0">
  <testcase classname="differentWaysToPostARequest.CreateProjectUsingPojo" name="createProjectUsingPojo" time="7.865"/>
  <system-out/>
</testsuite> <!-- differentWaysToPostARequest.CreateProjectUsingPojo -->
