<?xml version="1.0" encoding="UTF-8"?>
<!-- Generated by org.testng.reporters.JUnitReportReporter -->
<testsuite hostname="DESKTOP-6MLC63T" failures="0" tests="1" name="serialization.EmployeeWithArraySerialization" time="0.573" errors="0" timestamp="2023-08-10T11:16:34 IST" skipped="0">
  <testcase classname="serialization.EmployeeWithArraySerialization" name="empArraySerial" time="0.573"/>
  <system-out/>
</testsuite> <!-- serialization.EmployeeWithArraySerialization -->
