<?xml version="1.0" encoding="UTF-8"?>
<!-- Generated by org.testng.reporters.JUnitReportReporter -->
<testsuite hostname="DESKTOP-6MLC63T" failures="0" tests="1" name="serialization.EmployeeSerializationWithObject" time="0.664" errors="0" timestamp="2023-08-10T13:22:21 IST" skipped="0">
  <testcase classname="serialization.EmployeeSerializationWithObject" name="empWithObjectSerial" time="0.664"/>
  <system-out/>
</testsuite> <!-- serialization.EmployeeSerializationWithObject -->
