<?xml version="1.0" encoding="UTF-8"?>
<!-- Generated by org.testng.reporters.JUnitReportReporter -->
<testsuite hostname="DESKTOP-6MLC63T" failures="0" tests="1" name="differnentWaysToPostARequest_Reqres.CreateUserWithJSONFile" time="8.097" errors="0" timestamp="2023-08-07T15:25:11 IST" skipped="0">
  <testcase classname="differnentWaysToPostARequest_Reqres.CreateUserWithJSONFile" name="createUserJSONFile" time="8.097"/>
  <system-out/>
</testsuite> <!-- differnentWaysToPostARequest_Reqres.CreateUserWithJSONFile -->
