<?xml version="1.0" encoding="UTF-8"?>
<!-- Generated by org.testng.reporters.JUnitReportReporter -->
<testsuite hostname="DESKTOP-6MLC63T" failures="0" tests="1" name="crudwithoutBDD_RMGYantra.UpdateProject" time="9.866" errors="0" timestamp="2023-08-04T11:59:41 IST" skipped="0">
  <testcase classname="crudwithoutBDD_RMGYantra.UpdateProject" name="updateProject" time="9.866"/>
  <system-out/>
</testsuite> <!-- crudwithoutBDD_RMGYantra.UpdateProject -->
