<?xml version="1.0" encoding="UTF-8"?>
<!-- Generated by org.testng.reporters.JUnitReportReporter -->
<testsuite hostname="DESKTOP-6MLC63T" failures="0" tests="1" name="differentWaysToPostARequest.CreateProjectWithBDD" time="7.008" errors="0" timestamp="2023-08-07T10:06:42 IST" skipped="0">
  <testcase classname="differentWaysToPostARequest.CreateProjectWithBDD" name="createProject" time="7.008"/>
  <system-out/>
</testsuite> <!-- differentWaysToPostARequest.CreateProjectWithBDD -->
