<?xml version="1.0" encoding="UTF-8"?>
<!-- Generated by org.testng.reporters.JUnitReportReporter -->
<testsuite hostname="DESKTOP-6MLC63T" failures="0" tests="1" name="crudwithBDD_reqres.UpdateUser" time="9.329" errors="0" timestamp="2023-08-07T16:35:39 IST" skipped="0">
  <testcase classname="crudwithBDD_reqres.UpdateUser" name="updateUser" time="9.329"/>
  <system-out/>
</testsuite> <!-- crudwithBDD_reqres.UpdateUser -->
