<?xml version="1.0" encoding="UTF-8"?>
<!-- Generated by org.testng.reporters.JUnitReportReporter -->
<testsuite hostname="DESKTOP-6MLC63T" failures="0" tests="1" name="interviewQuestions.ResponseHeaderValidation" time="5.347" errors="0" timestamp="2023-08-09T15:44:50 IST" skipped="0">
  <testcase classname="interviewQuestions.ResponseHeaderValidation" name="reaponseHeaderValidation" time="5.347"/>
  <system-out/>
</testsuite> <!-- interviewQuestions.ResponseHeaderValidation -->
