<?xml version="1.0" encoding="UTF-8"?>
<!-- Generated by org.testng.reporters.JUnitReportReporter -->
<testsuite hostname="DESKTOP-6MLC63T" failures="0" tests="1" name="crudwithBDD_reqres.GetAllUsers" time="7.274" errors="0" timestamp="2023-08-04T15:44:18 IST" skipped="0">
  <testcase classname="crudwithBDD_reqres.GetAllUsers" name="getAllUsers" time="7.274"/>
  <system-out/>
</testsuite> <!-- crudwithBDD_reqres.GetAllUsers -->
