<?xml version="1.0" encoding="UTF-8"?>
<!-- Generated by org.testng.reporters.JUnitReportReporter -->
<testsuite hostname="DESKTOP-6MLC63T" failures="0" tests="1" name="differentWaysToPostARequest.CreateProjectWithJSONFile" time="10.023" errors="0" timestamp="2023-08-07T10:10:22 IST" skipped="0">
  <testcase classname="differentWaysToPostARequest.CreateProjectWithJSONFile" name="createProjectWithJSONFile" time="10.023"/>
  <system-out/>
</testsuite> <!-- differentWaysToPostARequest.CreateProjectWithJSONFile -->
