<?xml version="1.0" encoding="UTF-8"?>
<!-- Generated by org.testng.reporters.JUnitReportReporter -->
<testsuite hostname="DESKTOP-6MLC63T" failures="0" tests="1" name="deserialization.EmployeeDeserializationWithObject" time="0.750" errors="0" timestamp="2023-08-10T13:25:00 IST" skipped="0">
  <testcase classname="deserialization.EmployeeDeserializationWithObject" name="empObjectDeserial" time="0.750"/>
  <system-out/>
</testsuite> <!-- deserialization.EmployeeDeserializationWithObject -->
