<?xml version="1.0" encoding="UTF-8"?>
<!-- Generated by org.testng.reporters.JUnitReportReporter -->
<testsuite hostname="DESKTOP-6MLC63T" failures="0" tests="1" name="serialization.EmployeeSerialization" time="0.592" errors="0" timestamp="2023-08-10T10:35:12 IST" skipped="0">
  <testcase classname="serialization.EmployeeSerialization" name="empSerial" time="0.592"/>
  <system-out/>
</testsuite> <!-- serialization.EmployeeSerialization -->
