<?xml version="1.0" encoding="UTF-8"?>
<!-- Generated by org.testng.reporters.JUnitReportReporter -->
<testsuite hostname="DESKTOP-6MLC63T" failures="0" tests="1" name="requestAndResponseSpecBuilder.ReqAndResponseSpecBuilder" time="7.305" errors="0" timestamp="2023-08-09T12:40:52 IST" skipped="0">
  <testcase classname="requestAndResponseSpecBuilder.ReqAndResponseSpecBuilder" name="requestAndResponseSpecBuilder" time="7.305"/>
  <system-out/>
</testsuite> <!-- requestAndResponseSpecBuilder.ReqAndResponseSpecBuilder -->
