<?xml version="1.0" encoding="UTF-8"?>
<!-- Generated by org.testng.reporters.JUnitReportReporter -->
<testsuite hostname="DESKTOP-6MLC63T" failures="0" tests="1" name="differentWaysToValidateResponse_Reqres.StaticResponseBodyValidation" time="9.431" errors="0" timestamp="2023-08-07T16:03:41 IST" skipped="0">
  <testcase classname="differentWaysToValidateResponse_Reqres.StaticResponseBodyValidation" name="staticResponse" time="9.431"/>
  <system-out/>
</testsuite> <!-- differentWaysToValidateResponse_Reqres.StaticResponseBodyValidation -->
