<?xml version="1.0" encoding="UTF-8"?>
<!-- Generated by org.testng.reporters.JUnitReportReporter -->
<testsuite hostname="DESKTOP-6MLC63T" failures="0" tests="1" name="crudwithBDD_reqres.GetSingleUser" time="10.690" errors="0" timestamp="2023-08-04T15:49:52 IST" skipped="0">
  <testcase classname="crudwithBDD_reqres.GetSingleUser" name="getUser" time="10.690"/>
  <system-out/>
</testsuite> <!-- crudwithBDD_reqres.GetSingleUser -->
