<?xml version="1.0" encoding="UTF-8"?>
<!-- Generated by org.testng.reporters.JUnitReportReporter -->
<testsuite hostname="DESKTOP-6MLC63T" failures="0" tests="1" name="authenticationUsingBasicAuth.BearerToken" time="8.713" errors="0" timestamp="2023-08-08T15:52:21 IST" skipped="0">
  <testcase classname="authenticationUsingBasicAuth.BearerToken" name="loginUsingBasicAuth" time="8.713"/>
  <system-out/>
</testsuite> <!-- authenticationUsingBasicAuth.BearerToken -->
