<?xml version="1.0" encoding="UTF-8"?>
<!-- Generated by org.testng.reporters.JUnitReportReporter -->
<testsuite hostname="DESKTOP-6MLC63T" failures="0" tests="1" name="crudwithoutBDD_RMGYantra.DeleteProject" time="6.579" errors="0" timestamp="2023-08-04T12:14:41 IST" skipped="0">
  <testcase classname="crudwithoutBDD_RMGYantra.DeleteProject" name="deleteProject" time="6.579"/>
  <system-out/>
</testsuite> <!-- crudwithoutBDD_RMGYantra.DeleteProject -->
