<?xml version="1.0" encoding="UTF-8"?>
<!-- Generated by org.testng.reporters.JUnitReportReporter -->
<testsuite hostname="DESKTOP-6MLC63T" failures="0" tests="1" name="crudwithBDD_RMGYantra.CreateProject" time="8.442" errors="0" timestamp="2023-08-08T09:55:29 IST" skipped="0">
  <testcase classname="crudwithBDD_RMGYantra.CreateProject" name="createProject" time="8.442"/>
  <system-out/>
</testsuite> <!-- crudwithBDD_RMGYantra.CreateProject -->
