<?xml version="1.0" encoding="UTF-8"?>
<!-- Generated by org.testng.reporters.JUnitReportReporter -->
<testsuite hostname="DESKTOP-6MLC63T" failures="0" tests="1" name="crudwithoutBDD_RMGYantra.ReadSingleProject" time="7.534" errors="0" timestamp="2023-08-04T11:15:22 IST" skipped="0">
  <testcase classname="crudwithoutBDD_RMGYantra.ReadSingleProject" name="readProject" time="7.534"/>
  <system-out/>
</testsuite> <!-- crudwithoutBDD_RMGYantra.ReadSingleProject -->
