<?xml version="1.0" encoding="UTF-8"?>
<!-- Generated by org.testng.reporters.JUnitReportReporter -->
<testsuite hostname="DESKTOP-6MLC63T" failures="0" tests="1" name="crudwithBDD_RMGYantra.GetSingleProject" time="6.403" errors="0" timestamp="2023-08-04T16:36:41 IST" skipped="0">
  <testcase classname="crudwithBDD_RMGYantra.GetSingleProject" name="getProject" time="6.403"/>
  <system-out/>
</testsuite> <!-- crudwithBDD_RMGYantra.GetSingleProject -->
