<?xml version="1.0" encoding="UTF-8"?>
<!-- Generated by org.testng.reporters.JUnitReportReporter -->
<testsuite hostname="DESKTOP-6MLC63T" failures="0" tests="1" name="differentWaysToPostARequest.CreateProjectWIthHashMap" time="6.786" errors="0" timestamp="2023-08-07T10:13:56 IST" skipped="0">
  <testcase classname="differentWaysToPostARequest.CreateProjectWIthHashMap" name="createProjectUsingHashMap" time="6.786"/>
  <system-out/>
</testsuite> <!-- differentWaysToPostARequest.CreateProjectWIthHashMap -->
