<?xml version="1.0" encoding="UTF-8"?>
<!-- Generated by org.testng.reporters.JUnitReportReporter -->
<testsuite hostname="DESKTOP-6MLC63T" failures="0" tests="1" name="crudwithoutBDD_RMGYantra.CreateProject" time="8.412" errors="0" timestamp="2023-08-04T11:01:15 IST" skipped="0">
  <testcase classname="crudwithoutBDD_RMGYantra.CreateProject" name="createProject" time="8.412"/>
  <system-out/>
</testsuite> <!-- crudwithoutBDD_RMGYantra.CreateProject -->
