<?xml version="1.0" encoding="UTF-8"?>
<!-- Generated by org.testng.reporters.JUnitReportReporter -->
<testsuite hostname="DESKTOP-6MLC63T" failures="0" tests="1" name="endToEndScenario.EndToEndTesting1" time="67.520" errors="0" timestamp="2023-08-11T18:00:13 IST" skipped="0">
  <testcase classname="endToEndScenario.EndToEndTesting1" name="endToEnd" time="67.520"/>
  <system-out/>
</testsuite> <!-- endToEndScenario.EndToEndTesting1 -->
