<?xml version="1.0" encoding="UTF-8"?>
<!-- Generated by org.testng.reporters.JUnitReportReporter -->
<testsuite hostname="DESKTOP-6MLC63T" failures="0" tests="1" name="crudwithBDD_reqres.DeleteProject" time="7.112" errors="0" timestamp="2023-08-04T16:05:23 IST" skipped="0">
  <testcase classname="crudwithBDD_reqres.DeleteProject" name="deleteProject" time="7.112"/>
  <system-out/>
</testsuite> <!-- crudwithBDD_reqres.DeleteProject -->
