<?xml version="1.0" encoding="UTF-8"?>
<!-- Generated by org.testng.reporters.JUnitReportReporter -->
<testsuite hostname="DESKTOP-6MLC63T" failures="0" tests="1" name="differentWaysToValidateResponse.DynamicResponseBodyValidation" time="14.062" errors="0" timestamp="2023-08-07T13:08:16 IST" skipped="0">
  <testcase classname="differentWaysToValidateResponse.DynamicResponseBodyValidation" name="dynamicResponse" time="14.062"/>
  <system-out/>
</testsuite> <!-- differentWaysToValidateResponse.DynamicResponseBodyValidation -->
