<?xml version="1.0" encoding="UTF-8"?>
<!-- Generated by org.testng.reporters.JUnitReportReporter -->
<testsuite hostname="DESKTOP-6MLC63T" failures="0" tests="1" name="authenticationUsingBasicAuth.BasicAuthPremitive" time="5.286" errors="0" timestamp="2023-08-08T15:28:21 IST" skipped="0">
  <testcase classname="authenticationUsingBasicAuth.BasicAuthPremitive" name="login" time="5.286"/>
  <system-out/>
</testsuite> <!-- authenticationUsingBasicAuth.BasicAuthPremitive -->
