<?xml version="1.0" encoding="UTF-8"?>
<!-- Generated by org.testng.reporters.JUnitReportReporter -->
<testsuite hostname="DESKTOP-6MLC63T" failures="0" tests="1" name="authenticationUsingBasicAuth.OAuth2" time="10.255" errors="0" timestamp="2023-08-09T11:19:20 IST" skipped="0">
  <testcase classname="authenticationUsingBasicAuth.OAuth2" name="authenticationOAuth2" time="10.255"/>
  <system-out/>
</testsuite> <!-- authenticationUsingBasicAuth.OAuth2 -->
