<?xml version="1.0" encoding="UTF-8"?>
<!-- Generated by org.testng.reporters.JUnitReportReporter -->
<testsuite hostname="DESKTOP-6MLC63T" failures="0" tests="1" name="differnentWaysToPostARequest_Reqres.CreateUserWIthHashMap" time="8.374" errors="0" timestamp="2023-08-07T15:29:16 IST" skipped="0">
  <testcase classname="differnentWaysToPostARequest_Reqres.CreateUserWIthHashMap" name="createUser" time="8.374"/>
  <system-out/>
</testsuite> <!-- differnentWaysToPostARequest_Reqres.CreateUserWIthHashMap -->
