<?xml version="1.0" encoding="UTF-8"?>
<!-- Generated by org.testng.reporters.JUnitReportReporter -->
<testsuite hostname="DESKTOP-6MLC63T" failures="0" tests="1" name="crudwithoutBDDreqres.DeleteProject" time="5.176" errors="0" timestamp="2023-08-04T13:09:24 IST" skipped="0">
  <testcase classname="crudwithoutBDDreqres.DeleteProject" name="deleteProject" time="5.176"/>
  <system-out/>
</testsuite> <!-- crudwithoutBDDreqres.DeleteProject -->
