<?xml version="1.0" encoding="UTF-8"?>
<!-- Generated by org.testng.reporters.JUnitReportReporter -->
<testsuite hostname="DESKTOP-6MLC63T" failures="0" tests="1" name="deserialization.EmployeeWIthArrayDeserialization" time="0.694" errors="0" timestamp="2023-08-10T11:27:33 IST" skipped="0">
  <testcase classname="deserialization.EmployeeWIthArrayDeserialization" name="empArrayDeserial" time="0.694"/>
  <system-out/>
</testsuite> <!-- deserialization.EmployeeWIthArrayDeserialization -->
