<?xml version="1.0" encoding="UTF-8"?>
<!-- Generated by org.testng.reporters.JUnitReportReporter -->
<testsuite hostname="DESKTOP-6MLC63T" failures="0" tests="1" name="differnentWaysToPostARequest_Reqres.CreateUserUsingPojo" time="8.801" errors="0" timestamp="2023-08-07T15:48:59 IST" skipped="0">
  <testcase classname="differnentWaysToPostARequest_Reqres.CreateUserUsingPojo" name="createUser" time="8.801"/>
  <system-out/>
</testsuite> <!-- differnentWaysToPostARequest_Reqres.CreateUserUsingPojo -->
