<?xml version="1.0" encoding="UTF-8"?>
<!-- Generated by org.testng.reporters.JUnitReportReporter -->
<testsuite hostname="DESKTOP-6MLC63T" failures="0" tests="1" name="crudwithBDD_RMGYantra.UpdateProject" time="7.355" errors="0" timestamp="2023-08-04T16:41:27 IST" skipped="0">
  <testcase classname="crudwithBDD_RMGYantra.UpdateProject" name="updateProject" time="7.355"/>
  <system-out/>
</testsuite> <!-- crudwithBDD_RMGYantra.UpdateProject -->
