<?xml version="1.0" encoding="UTF-8"?>
<!-- Generated by org.testng.reporters.JUnitReportReporter -->
<testsuite hostname="DESKTOP-6MLC63T" failures="0" tests="1" name="parameters.PathParameter" time="5.745" errors="0" timestamp="2023-08-08T09:23:37 IST" skipped="0">
  <testcase classname="parameters.PathParameter" name="pathParameter" time="5.745"/>
  <system-out/>
</testsuite> <!-- parameters.PathParameter -->
