<?xml version="1.0" encoding="UTF-8"?>
<!-- Generated by org.testng.reporters.JUnitReportReporter -->
<testsuite hostname="DESKTOP-6MLC63T" failures="0" tests="1" name="crudwithoutBDD_RMGYantra.ReadProject" time="6.713" errors="0" timestamp="2023-08-04T11:07:51 IST" skipped="0">
  <testcase classname="crudwithoutBDD_RMGYantra.ReadProject" name="readProject" time="6.713"/>
  <system-out/>
</testsuite> <!-- crudwithoutBDD_RMGYantra.ReadProject -->
