<?xml version="1.0" encoding="UTF-8"?>
<!-- Generated by org.testng.reporters.JUnitReportReporter -->
<testsuite hostname="DESKTOP-6MLC63T" failures="0" tests="1" name="crudwithBDD_RMGYantra.GetAllProjects" time="9.789" errors="0" timestamp="2023-08-04T16:47:21 IST" skipped="0">
  <testcase classname="crudwithBDD_RMGYantra.GetAllProjects" name="getAllProjects" time="9.789"/>
  <system-out/>
</testsuite> <!-- crudwithBDD_RMGYantra.GetAllProjects -->
