<?xml version="1.0" encoding="UTF-8"?>
<!-- Generated by org.testng.reporters.JUnitReportReporter -->
<testsuite hostname="DESKTOP-6MLC63T" failures="0" tests="1" name="requestChainingInRMGYantra.CreateProject" time="7.811" errors="0" timestamp="2023-08-08T10:33:40 IST" skipped="0">
  <testcase classname="requestChainingInRMGYantra.CreateProject" name="createProject" time="7.811"/>
  <system-out/>
</testsuite> <!-- requestChainingInRMGYantra.CreateProject -->
