<?xml version="1.0" encoding="UTF-8"?>
<!-- Generated by org.testng.reporters.JUnitReportReporter -->
<testsuite hostname="DESKTOP-6MLC63T" failures="0" tests="1" name="crudwithoutBDDreqres.GetSingleProject" time="5.139" errors="0" timestamp="2023-08-04T13:03:09 IST" skipped="0">
  <testcase classname="crudwithoutBDDreqres.GetSingleProject" name="getProject" time="5.139"/>
  <system-out/>
</testsuite> <!-- crudwithoutBDDreqres.GetSingleProject -->
