<?xml version="1.0" encoding="UTF-8"?>
<!-- Generated by org.testng.reporters.JUnitReportReporter -->
<testsuite hostname="DESKTOP-6MLC63T" failures="0" tests="1" name="crudwithoutBDDreqres.GetAllProjects" time="5.861" errors="0" timestamp="2023-08-04T12:49:12 IST" skipped="0">
  <testcase classname="crudwithoutBDDreqres.GetAllProjects" name="getAllProjects" time="5.861"/>
  <system-out/>
</testsuite> <!-- crudwithoutBDDreqres.GetAllProjects -->
