<?xml version="1.0" encoding="UTF-8"?>
<!-- Generated by org.testng.reporters.JUnitReportReporter -->
<testsuite hostname="DESKTOP-6MLC63T" failures="0" tests="1" name="schemaValidation.JSONSchemaValidation" time="9.005" errors="0" timestamp="2023-08-09T13:31:30 IST" skipped="0">
  <testcase classname="schemaValidation.JSONSchemaValidation" name="schemaValidation" time="9.005"/>
  <system-out/>
</testsuite> <!-- schemaValidation.JSONSchemaValidation -->
