<?xml version="1.0" encoding="UTF-8"?>
<!-- Generated by org.testng.reporters.JUnitReportReporter -->
<testsuite hostname="DESKTOP-6MLC63T" failures="0" tests="1" name="interviewQuestions.WriteResponseInJsonFile" time="5.684" errors="0" timestamp="2023-08-21T10:53:44 IST" skipped="0">
  <testcase classname="interviewQuestions.WriteResponseInJsonFile" name="writeInFile" time="5.684"/>
  <system-out/>
</testsuite> <!-- interviewQuestions.WriteResponseInJsonFile -->
