<?xml version="1.0" encoding="UTF-8"?>
<!-- Generated by org.testng.reporters.JUnitReportReporter -->
<testsuite hostname="DESKTOP-6MLC63T" failures="0" tests="1" name="differentWaysToValidateResponse_Reqres.DynamicResponseBodyValidation" time="9.216" errors="0" timestamp="2023-08-07T16:32:38 IST" skipped="0">
  <testcase classname="differentWaysToValidateResponse_Reqres.DynamicResponseBodyValidation" name="dynamicResponse" time="9.216"/>
  <system-out/>
</testsuite> <!-- differentWaysToValidateResponse_Reqres.DynamicResponseBodyValidation -->
