<?xml version="1.0" encoding="UTF-8"?>
<!-- Generated by org.testng.reporters.JUnitReportReporter -->
<testsuite hostname="DESKTOP-6MLC63T" failures="0" tests="1" name="endToEndScenario.EndToEndTesting" time="7.285" errors="0" timestamp="2023-08-11T13:04:55 IST" skipped="0">
  <testcase classname="endToEndScenario.EndToEndTesting" name="createProject" time="7.285"/>
  <system-out/>
</testsuite> <!-- endToEndScenario.EndToEndTesting -->
