<?xml version="1.0" encoding="UTF-8"?>
<!-- Generated by org.testng.reporters.JUnitReportReporter -->
<testsuite hostname="DESKTOP-6MLC63T" failures="0" tests="3" name="datadriventesting.CreateProjectsUsingDataProvider" time="7.563" errors="0" timestamp="2023-08-08T11:36:14 IST" skipped="0">
  <testcase classname="datadriventesting.CreateProjectsUsingDataProvider" name="createMultipleProjects" time="7.255"/>
  <system-out/>
  <testcase classname="datadriventesting.CreateProjectsUsingDataProvider" name="createMultipleProjects" time="0.145"/>
  <system-out/>
  <testcase classname="datadriventesting.CreateProjectsUsingDataProvider" name="createMultipleProjects" time="0.163"/>
  <system-out/>
</testsuite> <!-- datadriventesting.CreateProjectsUsingDataProvider -->
