<?xml version="1.0" encoding="UTF-8"?>
<!-- Generated by org.testng.reporters.JUnitReportReporter -->
<testsuite hostname="DESKTOP-6MLC63T" failures="0" tests="1" name="parameters.QueryParameter" time="8.047" errors="0" timestamp="2023-08-08T09:39:50 IST" skipped="0">
  <testcase classname="parameters.QueryParameter" name="queryParameter" time="8.047"/>
  <system-out/>
</testsuite> <!-- parameters.QueryParameter -->
