<?xml version="1.0" encoding="UTF-8"?>
<!-- Generated by org.testng.reporters.JUnitReportReporter -->
<testsuite hostname="DESKTOP-6MLC63T" failures="0" tests="1" name="differentWaysToPostARequest_RMGYantra.CreateProjectUsingPojo" time="8.145" errors="0" timestamp="2023-08-09T15:19:53 IST" skipped="0">
  <testcase classname="differentWaysToPostARequest_RMGYantra.CreateProjectUsingPojo" name="createProjectUsingPojo" time="8.145"/>
  <system-out/>
</testsuite> <!-- differentWaysToPostARequest_RMGYantra.CreateProjectUsingPojo -->
