<?xml version="1.0" encoding="UTF-8"?>
<!-- Generated by org.testng.reporters.JUnitReportReporter -->
<testsuite hostname="DESKTOP-6MLC63T" failures="0" tests="1" name="crudwithoutBDD_reqres.CreateUser" time="7.393" errors="0" timestamp="2023-08-13T16:34:52 IST" skipped="0">
  <testcase classname="crudwithoutBDD_reqres.CreateUser" name="createUser" time="7.393"/>
  <system-out/>
</testsuite> <!-- crudwithoutBDD_reqres.CreateUser -->
