<?xml version="1.0" encoding="UTF-8"?>
<!-- Generated by org.testng.reporters.JUnitReportReporter -->
<testsuite hostname="DESKTOP-6MLC63T" failures="0" tests="1" name="deserialization.Deserialization" time="0.715" errors="0" timestamp="2023-08-10T10:41:05 IST" skipped="0">
  <testcase classname="deserialization.Deserialization" name="empDeserial" time="0.715"/>
  <system-out/>
</testsuite> <!-- deserialization.Deserialization -->
