<?xml version="1.0" encoding="UTF-8"?>
<!-- Generated by org.testng.reporters.JUnitReportReporter -->
<testsuite hostname="DESKTOP-6MLC63T" failures="0" tests="1" name="differentWaysToValidateResponse.StaticResponseBodyValidation" time="14.150" errors="0" timestamp="2023-08-07T12:51:54 IST" skipped="0">
  <testcase classname="differentWaysToValidateResponse.StaticResponseBodyValidation" name="staticResoponse" time="14.150"/>
  <system-out/>
</testsuite> <!-- differentWaysToValidateResponse.StaticResponseBodyValidation -->
